[I 2021-07-08 23:05:55.488 ServerApp] jupyterlab | extension was successfully linked.
[W 2021-07-08 23:05:55.494 NotebookApp] 'password' has moved from NotebookApp to ServerApp. This config will be passed to ServerApp. Be sure to update your config before our next release.
[I 2021-07-08 23:05:55.765 ServerApp] ipyparallel.nbextension | extension was found and enabled by nbclassic. Consider moving the extension to Jupyter Server's extension paths.
[I 2021-07-08 23:05:55.765 ServerApp] ipyparallel.nbextension | extension was successfully linked.
[I 2021-07-08 23:05:55.765 ServerApp] nbclassic | extension was successfully linked.
[I 2021-07-08 23:05:55.824 ServerApp] Loading IPython parallel extension
[I 2021-07-08 23:05:55.825 ServerApp] ipyparallel.nbextension | extension was successfully loaded.
[I 2021-07-08 23:05:55.826 LabApp] JupyterLab extension loaded from /Users/hyd/opt/anaconda3/lib/python3.8/site-packages/jupyterlab
[I 2021-07-08 23:05:55.826 LabApp] JupyterLab application directory is /Users/hyd/opt/anaconda3/share/jupyter/lab
[I 2021-07-08 23:05:55.830 ServerApp] jupyterlab | extension was successfully loaded.
[I 2021-07-08 23:05:55.837 ServerApp] nbclassic | extension was successfully loaded.
[I 2021-07-08 23:05:55.837 ServerApp] 启动notebooks 在本地路径: /Users/hyd/Documents/Research/SholderSensor/ShoulderSensor
[I 2021-07-08 23:05:55.837 ServerApp] Jupyter Server 1.4.1 is running at:
[I 2021-07-08 23:05:55.837 ServerApp] http://localhost:8888/lab
[I 2021-07-08 23:05:55.837 ServerApp]  or http://127.0.0.1:8888/lab
[I 2021-07-08 23:05:55.837 ServerApp] 使用control-c停止此服务器并关闭所有内核(两次跳过确认).
[W 2021-07-08 23:05:56.986 ServerApp] 404 GET /api/kernels/1c606e80-2049-4e10-af35-5e015acb4b9c/channels?session_id=b9c1f09f-88d8-4660-a2ce-853f6eec8a26 (::1): Kernel does not exist: 1c606e80-2049-4e10-af35-5e015acb4b9c
[W 2021-07-08 23:05:57.049 ServerApp] 404 GET /api/kernels/1c606e80-2049-4e10-af35-5e015acb4b9c/channels?session_id=b9c1f09f-88d8-4660-a2ce-853f6eec8a26 (::1) 68.95ms referer=None
[W 2021-07-08 23:05:57.070 ServerApp] 404 GET /api/kernels/1c606e80-2049-4e10-af35-5e015acb4b9c/channels?session_id=7a584a07-c763-4efe-9e86-bcbdf7b2fddd (::1): Kernel does not exist: 1c606e80-2049-4e10-af35-5e015acb4b9c
[W 2021-07-08 23:05:57.071 ServerApp] 404 GET /api/kernels/1c606e80-2049-4e10-af35-5e015acb4b9c/channels?session_id=7a584a07-c763-4efe-9e86-bcbdf7b2fddd (::1) 3.50ms referer=None
[W 2021-07-08 23:06:04.424 ServerApp] Replacing stale connection: 1c606e80-2049-4e10-af35-5e015acb4b9c:b9c1f09f-88d8-4660-a2ce-853f6eec8a26
[W 2021-07-08 23:06:11.704 ServerApp] 404 GET /api/kernels/71610f6a-41ea-4a03-90df-8a8669d56af8/channels?session_id=bc16cde9-a188-4911-acd5-2587e8c5bfed (127.0.0.1): Kernel does not exist: 71610f6a-41ea-4a03-90df-8a8669d56af8
[W 2021-07-08 23:06:11.707 ServerApp] 404 GET /api/kernels/71610f6a-41ea-4a03-90df-8a8669d56af8/channels?session_id=bc16cde9-a188-4911-acd5-2587e8c5bfed (127.0.0.1) 8.52ms referer=None
[W 2021-07-08 23:06:13.549 ServerApp] 404 GET /api/kernels/d1811397-c253-406c-a04a-1ea9a1f008fa/channels?session_id=ef8867ff-ade2-441f-9ac6-124f0bed5072 (127.0.0.1): Kernel does not exist: d1811397-c253-406c-a04a-1ea9a1f008fa
[W 2021-07-08 23:06:13.551 ServerApp] 404 GET /api/kernels/d1811397-c253-406c-a04a-1ea9a1f008fa/channels?session_id=ef8867ff-ade2-441f-9ac6-124f0bed5072 (127.0.0.1) 3.71ms referer=None
[W 2021-07-08 23:06:15.851 ServerApp] Replacing stale connection: d1811397-c253-406c-a04a-1ea9a1f008fa:ef8867ff-ade2-441f-9ac6-124f0bed5072
[W 2021-07-08 23:10:04.407 ServerApp] Replacing stale connection: 1c606e80-2049-4e10-af35-5e015acb4b9c:7a584a07-c763-4efe-9e86-bcbdf7b2fddd
